Build started 7/22/2013 6:43:40 PM.
     1>Project "C:\Users\XSomeLoser\Documents\GitHub\The-Cabin\TheCabin\TheCabin\TheCabin.vcxproj" on node 2 (Build target(s)).
     1>ClCompile:
         E:\Programs\Microsoft Visual Studio 11.0\VC\bin\CL.exe /c /I"C:\Users\XSomeLoser\Documents\GitHub\The-Cabin\TheCabin\TheCabin\\GL" /I"C:\Users\XSomeLoser\Documents\GitHub\The-Cabin\TheCabin\TheCabin\\IL" /I"C:\Users\XSomeLoser\Documents\GitHub\The-Cabin\TheCabin\TheCabin\\AL" /ZI /nologo /W3 /WX- /sdl /Od /Oy- /D _MBCS /Gm /EHsc /RTC1 /MDd /GS /fp:precise /Zc:wchar_t /Zc:forScope /Fo"Debug\\" /Fd"Debug\vc110.pdb" /Gd /TP /analyze- /errorReport:prompt Main.cpp
         Main.cpp
     1>c:\users\xsomeloser\documents\github\the-cabin\thecabin\thecabin\main.cpp(151): warning C4244: 'argument' : conversion from 'double' to 'ALint', possible loss of data
     1>c:\users\xsomeloser\documents\github\the-cabin\thecabin\thecabin\main.cpp(231): warning C4244: '=' : conversion from 'double' to 'int', possible loss of data
     1>c:\users\xsomeloser\documents\github\the-cabin\thecabin\thecabin\main.cpp(232): warning C4244: '=' : conversion from 'double' to 'int', possible loss of data
     1>c:\users\xsomeloser\documents\github\the-cabin\thecabin\thecabin\main.cpp(246): warning C4244: '=' : conversion from 'double' to 'int', possible loss of data
     1>c:\users\xsomeloser\documents\github\the-cabin\thecabin\thecabin\main.cpp(247): warning C4244: '=' : conversion from 'double' to 'int', possible loss of data
       Link:
         E:\Programs\Microsoft Visual Studio 11.0\VC\bin\link.exe /ERRORREPORT:PROMPT /OUT:"C:\Users\XSomeLoser\Documents\GitHub\The-Cabin\TheCabin\Debug\TheCabin.exe" /INCREMENTAL /NOLOGO /LIBPATH:"C:\Users\XSomeLoser\Documents\GitHub\The-Cabin\TheCabin\TheCabin\\Libraries" glew32.lib freeglut.lib DevIL.lib OpenAL32.lib alut.lib kernel32.lib user32.lib gdi32.lib winspool.lib comdlg32.lib advapi32.lib shell32.lib ole32.lib oleaut32.lib uuid.lib odbc32.lib odbccp32.lib /MANIFEST /MANIFESTUAC:"level='asInvoker' uiAccess='false'" /manifest:embed /DEBUG /PDB:"C:\Users\XSomeLoser\Documents\GitHub\The-Cabin\TheCabin\Debug\TheCabin.pdb" /TLBID:1 /DYNAMICBASE /NXCOMPAT /IMPLIB:"C:\Users\XSomeLoser\Documents\GitHub\The-Cabin\TheCabin\Debug\TheCabin.lib" /MACHINE:X86 Debug\Buttons.obj
         Debug\character.obj
         Debug\CharacterMenu.obj
         Debug\Main.obj
         Debug\Menu.obj
         TheCabin.vcxproj -> C:\Users\XSomeLoser\Documents\GitHub\The-Cabin\TheCabin\Debug\TheCabin.exe
     1>Done Building Project "C:\Users\XSomeLoser\Documents\GitHub\The-Cabin\TheCabin\TheCabin\TheCabin.vcxproj" (Build target(s)).

Build succeeded.

Time Elapsed 00:00:01.05
